0 info it worked if it ends with ok
1 verbose cli [ '/usr/local/bin/node', '/usr/local/bin/npm', 'run', 'jekyll' ]
2 info using npm@3.10.9
3 info using node@v7.1.0
4 verbose run-script [ 'prejekyll', 'jekyll', 'postjekyll' ]
5 info lifecycle sebastianmeier@2.0.0~prejekyll: sebastianmeier@2.0.0
6 silly lifecycle sebastianmeier@2.0.0~prejekyll: no script for prejekyll, continuing
7 info lifecycle sebastianmeier@2.0.0~jekyll: sebastianmeier@2.0.0
8 verbose lifecycle sebastianmeier@2.0.0~jekyll: unsafe-perm in lifecycle true
9 verbose lifecycle sebastianmeier@2.0.0~jekyll: PATH: /usr/local/lib/node_modules/npm/bin/node-gyp-bin:/Users/idlfh-potsdam/Sites/katringlinka.de/node_modules/.bin:/Users/idlfh-potsdam/.rvm/gems/ruby-2.3.8/bin:/Users/idlfh-potsdam/.rvm/gems/ruby-2.3.8@global/bin:/Users/idlfh-potsdam/.rvm/rubies/ruby-2.3.8/bin:/Library/Frameworks/Python.framework/Versions/3.6/bin:/Library/Frameworks/Python.framework/Versions/3.7/bin:/Library/Frameworks/Python.framework/Versions/3.7/bin:/usr/local/bin:/usr/bin:/bin:/usr/sbin:/sbin:/usr/local/MacGPG2/bin:/usr/texbin:/Users/idlfh-potsdam/.rvm/gems/ruby-2.3.8/bin:/Users/idlfh-potsdam/.rvm/gems/ruby-2.3.8@global/bin:/Users/idlfh-potsdam/.rvm/rubies/ruby-2.3.8/bin:/Library/Frameworks/Python.framework/Versions/3.6/bin:/Library/Frameworks/Python.framework/Versions/3.7/bin:/Users/idlfh-potsdam/.rvm/bin
10 verbose lifecycle sebastianmeier@2.0.0~jekyll: CWD: /Users/idlfh-potsdam/Sites/katringlinka.de
11 silly lifecycle sebastianmeier@2.0.0~jekyll: Args: [ '-c', 'bundle exec jekyll serve' ]
12 silly lifecycle sebastianmeier@2.0.0~jekyll: Returned: code: 1  signal: null
13 info lifecycle sebastianmeier@2.0.0~jekyll: Failed to exec jekyll script
14 verbose stack Error: sebastianmeier@2.0.0 jekyll: `bundle exec jekyll serve`
14 verbose stack Exit status 1
14 verbose stack     at EventEmitter.<anonymous> (/usr/local/lib/node_modules/npm/lib/utils/lifecycle.js:255:16)
14 verbose stack     at emitTwo (events.js:106:13)
14 verbose stack     at EventEmitter.emit (events.js:191:7)
14 verbose stack     at ChildProcess.<anonymous> (/usr/local/lib/node_modules/npm/lib/utils/spawn.js:40:14)
14 verbose stack     at emitTwo (events.js:106:13)
14 verbose stack     at ChildProcess.emit (events.js:191:7)
14 verbose stack     at maybeClose (internal/child_process.js:885:16)
14 verbose stack     at Process.ChildProcess._handle.onexit (internal/child_process.js:226:5)
15 verbose pkgid sebastianmeier@2.0.0
16 verbose cwd /Users/idlfh-potsdam/Sites/katringlinka.de
17 error Darwin 14.5.0
18 error argv "/usr/local/bin/node" "/usr/local/bin/npm" "run" "jekyll"
19 error node v7.1.0
20 error npm  v3.10.9
21 error code ELIFECYCLE
22 error sebastianmeier@2.0.0 jekyll: `bundle exec jekyll serve`
22 error Exit status 1
23 error Failed at the sebastianmeier@2.0.0 jekyll script 'bundle exec jekyll serve'.
23 error Make sure you have the latest version of node.js and npm installed.
23 error If you do, this is most likely a problem with the sebastianmeier package,
23 error not with npm itself.
23 error Tell the author that this fails on your system:
23 error     bundle exec jekyll serve
23 error You can get information on how to open an issue for this project with:
23 error     npm bugs sebastianmeier
23 error Or if that isn't available, you can get their info via:
23 error     npm owner ls sebastianmeier
23 error There is likely additional logging output above.
24 verbose exit [ 1, true ]
